Starting Meta WhatsApp Bot server...
   Webhook URL: https://degraded-sincerity-glue.ngrok-free.dev/webhook
   Verify token: eslorrybot2026
   Server: waitress (Windows) on port 5000
Starting Meta WhatsApp Bot server...
   Webhook URL: https://degraded-sincerity-glue.ngrok-free.dev/webhook
   Verify token: eslorrybot2026
   Server: waitress (Windows) on port 5000
❌ Send text failed: 400 {"error":{"message":"Param text.body must be at most 4096 characters long.","code":100,"type":"OAuthException","fbtrace_id":"ANDQ72lPWvBVqUj7u2w3CWj"}}
Starting DO Bot server...
   Webhook URL: https://degraded-sincerity-glue.ngrok-free.dev/webhook
   Verify token: eslorrybot2026
   Server: waitress (Windows) on port 5000
Starting DO Bot server...
   Webhook URL: https://degraded-sincerity-glue.ngrok-free.dev/webhook
   Verify token: eslorrybot2026
   Server: waitress (Windows) on port 5000
Starting DO Bot server...
   Webhook URL: https://degraded-sincerity-glue.ngrok-free.dev/webhook
   Verify token: eslorrybot2026
   Server: waitress (Windows) on port 5000
Starting DO Bot server...
   Webhook URL: https://degraded-sincerity-glue.ngrok-free.dev/webhook
   Verify token: eslorrybot2026
   Server: waitress (Windows) on port 5000
Starting DO Bot server...
   Webhook URL: https://degraded-sincerity-glue.ngrok-free.dev/webhook
   Verify token: eslorrybot2026
   Server: waitress (Windows) on port 5000
Starting DO Bot server...
   Webhook URL: https://degraded-sincerity-glue.ngrok-free.dev/webhook
   Verify token: eslorrybot2026
   Server: waitress (Windows) on port 5000
Starting DO Bot server...
   Webhook URL: https://degraded-sincerity-glue.ngrok-free.dev/webhook
   Verify token: eslorrybot2026
   Server: waitress (Windows) on port 5000
Starting DO Bot server...
   Webhook URL: https://degraded-sincerity-glue.ngrok-free.dev/webhook
   Verify token: eslorrybot2026
   Server: waitress (Windows) on port 5000
Starting DO Bot server...
   Webhook URL: https://degraded-sincerity-glue.ngrok-free.dev/webhook
   Verify token: eslorrybot2026
   Server: waitress (Windows) on port 5000
Starting DO Bot server...
   Webhook URL: https://degraded-sincerity-glue.ngrok-free.dev/webhook
   Verify token: eslorrybot2026
   Server: waitress (Windows) on port 5000
Starting DO Bot server...
   Webhook URL: https://degraded-sincerity-glue.ngrok-free.dev/webhook
   Verify token: eslorrybot2026
   Server: waitress (Windows) on port 5000
Starting DO Bot server...
   Webhook URL: https://degraded-sincerity-glue.ngrok-free.dev/webhook
   Verify token: eslorrybot2026
   Server: waitress (Windows) on port 5000
Warning: could not load history C:\Users\Administrator\OneDrive\Documents\GitHub\DO_bot\data\ZSDOROUTEWRH.xls: Excel xlsx file; not supported
Warning: could not load history C:\Users\Administrator\OneDrive\Documents\GitHub\DO_bot\data\ZSDOROUTEWRH.xls: Excel xlsx file; not supported
Starting DO Bot server...
   Webhook URL: https://degraded-sincerity-glue.ngrok-free.dev/webhook
   Verify token: eslorrybot2026
   Server: waitress (Windows) on port 5000
Warning: could not load history C:\Users\Administrator\OneDrive\Documents\GitHub\DO_bot\data\ZSDOROUTEWRH.xls: Excel xlsx file; not supported
Warning: could not load history C:\Users\Administrator\OneDrive\Documents\GitHub\DO_bot\data\ZSDOROUTEWRH.xls: Excel xlsx file; not supported
Starting DO Bot server...
   Webhook URL: https://degraded-sincerity-glue.ngrok-free.dev/webhook
   Verify token: eslorrybot2026
   Server: waitress (Windows) on port 5000
Warning: could not load history C:\Users\Administrator\OneDrive\Documents\GitHub\DO_bot\data\ZSDOROUTEWRH.xls: Excel xlsx file; not supported
Warning: could not load history C:\Users\Administrator\OneDrive\Documents\GitHub\DO_bot\data\ZSDOROUTEWRH.xls: Excel xlsx file; not supported
Warning: could not load history C:\Users\Administrator\OneDrive\Documents\GitHub\DO_bot\data\ZSDOROUTEWRH.xls: Excel xlsx file; not supported
Warning: could not load history C:\Users\Administrator\OneDrive\Documents\GitHub\DO_bot\data\ZSDOROUTEWRH.xls: Excel xlsx file; not supported
Starting DO Bot server...
   Webhook URL: https://degraded-sincerity-glue.ngrok-free.dev/webhook
   Verify token: eslorrybot2026
   Server: waitress (Windows) on port 5000
Starting DO Bot server...
   Webhook URL: https://degraded-sincerity-glue.ngrok-free.dev/webhook
   Verify token: eslorrybot2026
   Server: waitress (Windows) on port 5000
Starting DO Bot server...
   Webhook URL: https://degraded-sincerity-glue.ngrok-free.dev/webhook
   Verify token: eslorrybot2026
   Server: waitress (Windows) on port 5000
Warning: could not load history C:\Users\Administrator\OneDrive\Documents\GitHub\DO_bot\data\ZSDOROUTEWRH.xls: Excel xlsx file; not supported
Warning: could not load history C:\Users\Administrator\OneDrive\Documents\GitHub\DO_bot\data\ZSDOROUTEWRH.xls: Excel xlsx file; not supported
Warning: could not load history C:\Users\Administrator\OneDrive\Documents\GitHub\DO_bot\data\ZSDOROUTEWRH.xls: Excel xlsx file; not supported
Warning: could not load history C:\Users\Administrator\OneDrive\Documents\GitHub\DO_bot\data\ZSDOROUTEWRH.xls: Excel xlsx file; not supported
Warning: could not load history C:\Users\Administrator\OneDrive\Documents\GitHub\DO_bot\data\ZSDOROUTEWRH.xls: Excel xlsx file; not supported
Warning: could not load history C:\Users\Administrator\OneDrive\Documents\GitHub\DO_bot\data\ZSDOROUTEWRH.xls: Excel xlsx file; not supported
Starting DO Bot server...
   Webhook URL: https://degraded-sincerity-glue.ngrok-free.dev/webhook
   Verify token: eslorrybot2026
   Server: waitress (Windows) on port 5000
Warning: could not load history C:\Users\Administrator\OneDrive\Documents\GitHub\DO_bot\data\ZSDOROUTEWRH.xls: Excel xlsx file; not supported
Starting DO Bot server...
   Webhook URL: https://degraded-sincerity-glue.ngrok-free.dev/webhook
   Verify token: eslorrybot2026
   Server: waitress (Windows) on port 5000
Warning: could not load history C:\Users\Administrator\OneDrive\Documents\GitHub\DO_bot\data\ZSDOROUTEWRH.xls: Excel xlsx file; not supported
Starting DO Bot server...
   Webhook URL: https://degraded-sincerity-glue.ngrok-free.dev/webhook
   Verify token: eslorrybot2026
   Server: waitress (Windows) on port 5000
Warning: could not load history C:\Users\Administrator\OneDrive\Documents\GitHub\DO_bot\data\ZSDOROUTEWRH.xls: Excel xlsx file; not supported
Warning: could not load history C:\Users\Administrator\OneDrive\Documents\GitHub\DO_bot\data\ZSDOROUTEWRH.xls: Excel xlsx file; not supported
Starting DO Bot server...
   Webhook URL: https://degraded-sincerity-glue.ngrok-free.dev/webhook
   Verify token: eslorrybot2026
   Server: waitress (Windows) on port 5000
Warning: could not load history C:\Users\Administrator\OneDrive\Documents\GitHub\DO_bot\data\ZSDOROUTEWRH.xls: Excel xlsx file; not supported
Warning: could not load history C:\Users\Administrator\OneDrive\Documents\GitHub\DO_bot\data\ZSDOROUTEWRH.xls: Excel xlsx file; not supported
Starting DO Bot server...
   Webhook URL: https://degraded-sincerity-glue.ngrok-free.dev/webhook
   Verify token: eslorrybot2026
   Server: waitress (Windows) on port 5000
Warning: could not load history C:\Users\Administrator\OneDrive\Documents\GitHub\DO_bot\data\ZSDOROUTEWRH.xls: Excel xlsx file; not supported
Warning: could not load history C:\Users\Administrator\OneDrive\Documents\GitHub\DO_bot\data\ZSDOROUTEWRH.xls: Excel xlsx file; not supported
Warning: could not load history C:\Users\Administrator\OneDrive\Documents\GitHub\DO_bot\data\ZSDOROUTEWRH.xls: Excel xlsx file; not supported
Starting DO Bot server...
   Webhook URL: https://degraded-sincerity-glue.ngrok-free.dev/webhook
   Verify token: eslorrybot2026
   Server: waitress (Windows) on port 5000
Warning: could not load history C:\Users\Administrator\OneDrive\Documents\GitHub\DO_bot\data\ZSDOROUTEWRH.xls: Excel xlsx file; not supported
Starting DO Bot server...
   Webhook URL: https://degraded-sincerity-glue.ngrok-free.dev/webhook
   Verify token: eslorrybot2026
   Server: waitress (Windows) on port 5000
Warning: could not load history C:\Users\Administrator\OneDrive\Documents\GitHub\DO_bot\data\ZSDOROUTEWRH.xls: Excel xlsx file; not supported
Warning: could not load history C:\Users\Administrator\OneDrive\Documents\GitHub\DO_bot\data\ZSDOROUTEWRH.xls: Excel xlsx file; not supported
Warning: could not load history C:\Users\Administrator\OneDrive\Documents\GitHub\DO_bot\data\ZSDOROUTEWRH.xls: Excel xlsx file; not supported
Warning: could not load history C:\Users\Administrator\OneDrive\Documents\GitHub\DO_bot\data\ZSDOROUTEWRH.xls: Excel xlsx file; not supported
Warning: could not load history C:\Users\Administrator\OneDrive\Documents\GitHub\DO_bot\data\ZSDOROUTEWRH.xls: Excel xlsx file; not supported
Warning: could not load history C:\Users\Administrator\OneDrive\Documents\GitHub\DO_bot\data\ZSDOROUTEWRH.xls: Excel xlsx file; not supported
Warning: could not load history C:\Users\Administrator\OneDrive\Documents\GitHub\DO_bot\data\ZSDOROUTEWRH.xls: Excel xlsx file; not supported
Starting DO Bot server...
   Webhook URL: https://degraded-sincerity-glue.ngrok-free.dev/webhook
   Verify token: eslorrybot2026
   Server: waitress (Windows) on port 5000
Starting DO Bot server...
   Webhook URL: https://degraded-sincerity-glue.ngrok-free.dev/webhook
   Verify token: eslorrybot2026
   Server: waitress (Windows) on port 5000
Warning: could not load history C:\Users\Administrator\OneDrive\Documents\GitHub\DO_bot\data\ZSDOROUTEWRH.xls: Excel xlsx file; not supported
Warning: could not load history C:\Users\Administrator\OneDrive\Documents\GitHub\DO_bot\data\ZSDOROUTEWRH.xls: Excel xlsx file; not supported
Warning: could not load history C:\Users\Administrator\OneDrive\Documents\GitHub\DO_bot\data\ZSDOROUTEWRH.xls: Excel xlsx file; not supported
Warning: could not load history C:\Users\Administrator\OneDrive\Documents\GitHub\DO_bot\data\ZSDOROUTEWRH.xls: Excel xlsx file; not supported
Starting DO Bot server...
   Webhook URL: https://degraded-sincerity-glue.ngrok-free.dev/webhook
   Verify token: eslorrybot2026
   Server: waitress (Windows) on port 5000
Warning: could not load history C:\Users\Administrator\OneDrive\Documents\GitHub\DO_bot\data\ZSDOROUTEWRH.xls: Excel xlsx file; not supported
Warning: could not load history C:\Users\Administrator\OneDrive\Documents\GitHub\DO_bot\data\ZSDOROUTEWRH.xls: Excel xlsx file; not supported
