Traceback (most recent call last):
  File "C:\Users\Administrator\OneDrive\Documents\GitHub\DO_bot\app.py", line 344, in <module>
    print(f"\U0001f680 Starting Meta WhatsApp Bot server...")
    ~~~~~^^^^^^^^^^^^^^^^^^^^^^^^^^^^^^^^^^^^^^^^^^^^
  File "C:\Users\Administrator\AppData\Local\Python\pythoncore-3.14-64\Lib\encodings\cp1252.py", line 19, in encode
    return codecs.charmap_encode(input,self.errors,encoding_table)[0]
           ~~~~~~~~~~~~~~~~~~~~~^^^^^^^^^^^^^^^^^^^^^^^^^^^^^^^^^^
UnicodeEncodeError: 'charmap' codec can't encode character '\U0001f680' in position 0: character maps to <undefined>
Traceback (most recent call last):
  File "C:\Users\Administrator\OneDrive\Documents\GitHub\DO_bot\app.py", line 344, in <module>
    print(f"\U0001f680 Starting Meta WhatsApp Bot server...")
    ~~~~~^^^^^^^^^^^^^^^^^^^^^^^^^^^^^^^^^^^^^^^^^^^^
  File "C:\Users\Administrator\AppData\Local\Python\pythoncore-3.14-64\Lib\encodings\cp1252.py", line 19, in encode
    return codecs.charmap_encode(input,self.errors,encoding_table)[0]
           ~~~~~~~~~~~~~~~~~~~~~^^^^^^^^^^^^^^^^^^^^^^^^^^^^^^^^^^
UnicodeEncodeError: 'charmap' codec can't encode character '\U0001f680' in position 0: character maps to <undefined>
Traceback (most recent call last):
  File "C:\Users\Administrator\OneDrive\Documents\GitHub\DO_bot\app.py", line 344, in <module>
    print(f"\U0001f680 Starting Meta WhatsApp Bot server...")
    ~~~~~^^^^^^^^^^^^^^^^^^^^^^^^^^^^^^^^^^^^^^^^^^^^
  File "C:\Users\Administrator\AppData\Local\Python\pythoncore-3.14-64\Lib\encodings\cp1252.py", line 19, in encode
    return codecs.charmap_encode(input,self.errors,encoding_table)[0]
           ~~~~~~~~~~~~~~~~~~~~~^^^^^^^^^^^^^^^^^^^^^^^^^^^^^^^^^^
UnicodeEncodeError: 'charmap' codec can't encode character '\U0001f680' in position 0: character maps to <undefined>
Traceback (most recent call last):
  File "C:\Users\Administrator\OneDrive\Documents\GitHub\DO_bot\app.py", line 344, in <module>
    print(f"\U0001f680 Starting Meta WhatsApp Bot server...")
    ~~~~~^^^^^^^^^^^^^^^^^^^^^^^^^^^^^^^^^^^^^^^^^^^^
  File "C:\Users\Administrator\AppData\Local\Python\pythoncore-3.14-64\Lib\encodings\cp1252.py", line 19, in encode
    return codecs.charmap_encode(input,self.errors,encoding_table)[0]
           ~~~~~~~~~~~~~~~~~~~~~^^^^^^^^^^^^^^^^^^^^^^^^^^^^^^^^^^
UnicodeEncodeError: 'charmap' codec can't encode character '\U0001f680' in position 0: character maps to <undefined>
Traceback (most recent call last):
  File "C:\Users\Administrator\OneDrive\Documents\GitHub\DO_bot\app.py", line 344, in <module>
    print(f"\U0001f680 Starting Meta WhatsApp Bot server...")
    ~~~~~^^^^^^^^^^^^^^^^^^^^^^^^^^^^^^^^^^^^^^^^^^^^
  File "C:\Users\Administrator\AppData\Local\Python\pythoncore-3.14-64\Lib\encodings\cp1252.py", line 19, in encode
    return codecs.charmap_encode(input,self.errors,encoding_table)[0]
           ~~~~~~~~~~~~~~~~~~~~~^^^^^^^^^^^^^^^^^^^^^^^^^^^^^^^^^^
UnicodeEncodeError: 'charmap' codec can't encode character '\U0001f680' in position 0: character maps to <undefined>
Traceback (most recent call last):
  File "C:\Users\Administrator\OneDrive\Documents\GitHub\DO_bot\app.py", line 344, in <module>
    print(f"\U0001f680 Starting Meta WhatsApp Bot server...")
    ~~~~~^^^^^^^^^^^^^^^^^^^^^^^^^^^^^^^^^^^^^^^^^^^^
  File "C:\Users\Administrator\AppData\Local\Python\pythoncore-3.14-64\Lib\encodings\cp1252.py", line 19, in encode
    return codecs.charmap_encode(input,self.errors,encoding_table)[0]
           ~~~~~~~~~~~~~~~~~~~~~^^^^^^^^^^^^^^^^^^^^^^^^^^^^^^^^^^
UnicodeEncodeError: 'charmap' codec can't encode character '\U0001f680' in position 0: character maps to <undefined>
Traceback (most recent call last):
  File "C:\Users\Administrator\OneDrive\Documents\GitHub\DO_bot\app.py", line 344, in <module>
    print(f"\U0001f680 Starting Meta WhatsApp Bot server...")
    ~~~~~^^^^^^^^^^^^^^^^^^^^^^^^^^^^^^^^^^^^^^^^^^^^
  File "C:\Users\Administrator\AppData\Local\Python\pythoncore-3.14-64\Lib\encodings\cp1252.py", line 19, in encode
    return codecs.charmap_encode(input,self.errors,encoding_table)[0]
           ~~~~~~~~~~~~~~~~~~~~~^^^^^^^^^^^^^^^^^^^^^^^^^^^^^^^^^^
UnicodeEncodeError: 'charmap' codec can't encode character '\U0001f680' in position 0: character maps to <undefined>
Traceback (most recent call last):
  File "C:\Users\Administrator\OneDrive\Documents\GitHub\DO_bot\app.py", line 344, in <module>
    print(f"\U0001f680 Starting Meta WhatsApp Bot server...")
    ~~~~~^^^^^^^^^^^^^^^^^^^^^^^^^^^^^^^^^^^^^^^^^^^^
  File "C:\Users\Administrator\AppData\Local\Python\pythoncore-3.14-64\Lib\encodings\cp1252.py", line 19, in encode
    return codecs.charmap_encode(input,self.errors,encoding_table)[0]
           ~~~~~~~~~~~~~~~~~~~~~^^^^^^^^^^^^^^^^^^^^^^^^^^^^^^^^^^
UnicodeEncodeError: 'charmap' codec can't encode character '\U0001f680' in position 0: character maps to <undefined>
Traceback (most recent call last):
  File "C:\Users\Administrator\OneDrive\Documents\GitHub\DO_bot\app.py", line 344, in <module>
    print(f"\U0001f680 Starting Meta WhatsApp Bot server...")
    ~~~~~^^^^^^^^^^^^^^^^^^^^^^^^^^^^^^^^^^^^^^^^^^^^
  File "C:\Users\Administrator\AppData\Local\Python\pythoncore-3.14-64\Lib\encodings\cp1252.py", line 19, in encode
    return codecs.charmap_encode(input,self.errors,encoding_table)[0]
           ~~~~~~~~~~~~~~~~~~~~~^^^^^^^^^^^^^^^^^^^^^^^^^^^^^^^^^^
UnicodeEncodeError: 'charmap' codec can't encode character '\U0001f680' in position 0: character maps to <undefined>
Traceback (most recent call last):
  File "C:\Users\Administrator\OneDrive\Documents\GitHub\DO_bot\app.py", line 344, in <module>
    print(f"\U0001f680 Starting Meta WhatsApp Bot server...")
    ~~~~~^^^^^^^^^^^^^^^^^^^^^^^^^^^^^^^^^^^^^^^^^^^^
  File "C:\Users\Administrator\AppData\Local\Python\pythoncore-3.14-64\Lib\encodings\cp1252.py", line 19, in encode
    return codecs.charmap_encode(input,self.errors,encoding_table)[0]
           ~~~~~~~~~~~~~~~~~~~~~^^^^^^^^^^^^^^^^^^^^^^^^^^^^^^^^^^
UnicodeEncodeError: 'charmap' codec can't encode character '\U0001f680' in position 0: character maps to <undefined>
Traceback (most recent call last):
  File "C:\Users\Administrator\OneDrive\Documents\GitHub\DO_bot\app.py", line 344, in <module>
    print(f"\U0001f680 Starting Meta WhatsApp Bot server...")
    ~~~~~^^^^^^^^^^^^^^^^^^^^^^^^^^^^^^^^^^^^^^^^^^^^
  File "C:\Users\Administrator\AppData\Local\Python\pythoncore-3.14-64\Lib\encodings\cp1252.py", line 19, in encode
    return codecs.charmap_encode(input,self.errors,encoding_table)[0]
           ~~~~~~~~~~~~~~~~~~~~~^^^^^^^^^^^^^^^^^^^^^^^^^^^^^^^^^^
UnicodeEncodeError: 'charmap' codec can't encode character '\U0001f680' in position 0: character maps to <undefined>
Traceback (most recent call last):
  File "C:\Users\Administrator\OneDrive\Documents\GitHub\DO_bot\app.py", line 344, in <module>
    print(f"\U0001f680 Starting Meta WhatsApp Bot server...")
    ~~~~~^^^^^^^^^^^^^^^^^^^^^^^^^^^^^^^^^^^^^^^^^^^^
  File "C:\Users\Administrator\AppData\Local\Python\pythoncore-3.14-64\Lib\encodings\cp1252.py", line 19, in encode
    return codecs.charmap_encode(input,self.errors,encoding_table)[0]
           ~~~~~~~~~~~~~~~~~~~~~^^^^^^^^^^^^^^^^^^^^^^^^^^^^^^^^^^
UnicodeEncodeError: 'charmap' codec can't encode character '\U0001f680' in position 0: character maps to <undefined>
Traceback (most recent call last):
  File "C:\Users\Administrator\OneDrive\Documents\GitHub\DO_bot\app.py", line 344, in <module>
    print(f"\U0001f680 Starting Meta WhatsApp Bot server...")
    ~~~~~^^^^^^^^^^^^^^^^^^^^^^^^^^^^^^^^^^^^^^^^^^^^
  File "C:\Users\Administrator\AppData\Local\Python\pythoncore-3.14-64\Lib\encodings\cp1252.py", line 19, in encode
    return codecs.charmap_encode(input,self.errors,encoding_table)[0]
           ~~~~~~~~~~~~~~~~~~~~~^^^^^^^^^^^^^^^^^^^^^^^^^^^^^^^^^^
UnicodeEncodeError: 'charmap' codec can't encode character '\U0001f680' in position 0: character maps to <undefined>
Traceback (most recent call last):
  File "C:\Users\Administrator\OneDrive\Documents\GitHub\DO_bot\app.py", line 344, in <module>
    print(f"\U0001f680 Starting Meta WhatsApp Bot server...")
    ~~~~~^^^^^^^^^^^^^^^^^^^^^^^^^^^^^^^^^^^^^^^^^^^^
  File "C:\Users\Administrator\AppData\Local\Python\pythoncore-3.14-64\Lib\encodings\cp1252.py", line 19, in encode
    return codecs.charmap_encode(input,self.errors,encoding_table)[0]
           ~~~~~~~~~~~~~~~~~~~~~^^^^^^^^^^^^^^^^^^^^^^^^^^^^^^^^^^
UnicodeEncodeError: 'charmap' codec can't encode character '\U0001f680' in position 0: character maps to <undefined>
Traceback (most recent call last):
  File "C:\Users\Administrator\OneDrive\Documents\GitHub\DO_bot\app.py", line 344, in <module>
    print(f"\U0001f680 Starting Meta WhatsApp Bot server...")
    ~~~~~^^^^^^^^^^^^^^^^^^^^^^^^^^^^^^^^^^^^^^^^^^^^
  File "C:\Users\Administrator\AppData\Local\Python\pythoncore-3.14-64\Lib\encodings\cp1252.py", line 19, in encode
    return codecs.charmap_encode(input,self.errors,encoding_table)[0]
           ~~~~~~~~~~~~~~~~~~~~~^^^^^^^^^^^^^^^^^^^^^^^^^^^^^^^^^^
UnicodeEncodeError: 'charmap' codec can't encode character '\U0001f680' in position 0: character maps to <undefined>
Traceback (most recent call last):
  File "C:\Users\Administrator\OneDrive\Documents\GitHub\DO_bot\app.py", line 344, in <module>
    print(f"\U0001f680 Starting Meta WhatsApp Bot server...")
    ~~~~~^^^^^^^^^^^^^^^^^^^^^^^^^^^^^^^^^^^^^^^^^^^^
  File "C:\Users\Administrator\AppData\Local\Python\pythoncore-3.14-64\Lib\encodings\cp1252.py", line 19, in encode
    return codecs.charmap_encode(input,self.errors,encoding_table)[0]
           ~~~~~~~~~~~~~~~~~~~~~^^^^^^^^^^^^^^^^^^^^^^^^^^^^^^^^^^
UnicodeEncodeError: 'charmap' codec can't encode character '\U0001f680' in position 0: character maps to <undefined>
Traceback (most recent call last):
  File "C:\Users\Administrator\OneDrive\Documents\GitHub\DO_bot\app.py", line 344, in <module>
    print(f"\U0001f680 Starting Meta WhatsApp Bot server...")
    ~~~~~^^^^^^^^^^^^^^^^^^^^^^^^^^^^^^^^^^^^^^^^^^^^
  File "C:\Users\Administrator\AppData\Local\Python\pythoncore-3.14-64\Lib\encodings\cp1252.py", line 19, in encode
    return codecs.charmap_encode(input,self.errors,encoding_table)[0]
           ~~~~~~~~~~~~~~~~~~~~~^^^^^^^^^^^^^^^^^^^^^^^^^^^^^^^^^^
UnicodeEncodeError: 'charmap' codec can't encode character '\U0001f680' in position 0: character maps to <undefined>
Traceback (most recent call last):
  File "C:\Users\Administrator\OneDrive\Documents\GitHub\DO_bot\app.py", line 344, in <module>
    print(f"\U0001f680 Starting Meta WhatsApp Bot server...")
    ~~~~~^^^^^^^^^^^^^^^^^^^^^^^^^^^^^^^^^^^^^^^^^^^^
  File "C:\Users\Administrator\AppData\Local\Python\pythoncore-3.14-64\Lib\encodings\cp1252.py", line 19, in encode
    return codecs.charmap_encode(input,self.errors,encoding_table)[0]
           ~~~~~~~~~~~~~~~~~~~~~^^^^^^^^^^^^^^^^^^^^^^^^^^^^^^^^^^
UnicodeEncodeError: 'charmap' codec can't encode character '\U0001f680' in position 0: character maps to <undefined>
Traceback (most recent call last):
  File "C:\Users\Administrator\OneDrive\Documents\GitHub\DO_bot\app.py", line 344, in <module>
    print(f"\U0001f680 Starting Meta WhatsApp Bot server...")
    ~~~~~^^^^^^^^^^^^^^^^^^^^^^^^^^^^^^^^^^^^^^^^^^^^
  File "C:\Users\Administrator\AppData\Local\Python\pythoncore-3.14-64\Lib\encodings\cp1252.py", line 19, in encode
    return codecs.charmap_encode(input,self.errors,encoding_table)[0]
           ~~~~~~~~~~~~~~~~~~~~~^^^^^^^^^^^^^^^^^^^^^^^^^^^^^^^^^^
UnicodeEncodeError: 'charmap' codec can't encode character '\U0001f680' in position 0: character maps to <undefined>
Traceback (most recent call last):
  File "C:\Users\Administrator\OneDrive\Documents\GitHub\DO_bot\app.py", line 13, in <module>
    import bot
ModuleNotFoundError: No module named 'bot'
Traceback (most recent call last):
  File "C:\Users\Administrator\OneDrive\Documents\GitHub\DO_bot\app.py", line 13, in <module>
    import bot
ModuleNotFoundError: No module named 'bot'
Traceback (most recent call last):
  File "C:\Users\Administrator\OneDrive\Documents\GitHub\DO_bot\app.py", line 13, in <module>
    import bot
ModuleNotFoundError: No module named 'bot'
Traceback (most recent call last):
  File "C:\Users\Administrator\OneDrive\Documents\GitHub\DO_bot\app.py", line 13, in <module>
    import bot
ModuleNotFoundError: No module named 'bot'
Traceback (most recent call last):
  File "C:\Users\Administrator\OneDrive\Documents\GitHub\DO_bot\app.py", line 13, in <module>
    import bot
ModuleNotFoundError: No module named 'bot'
Traceback (most recent call last):
  File "C:\Users\Administrator\OneDrive\Documents\GitHub\DO_bot\app.py", line 13, in <module>
    import bot
ModuleNotFoundError: No module named 'bot'
Traceback (most recent call last):
  File "C:\Users\Administrator\OneDrive\Documents\GitHub\DO_bot\app.py", line 13, in <module>
    import bot
ModuleNotFoundError: No module named 'bot'
Traceback (most recent call last):
  File "C:\Users\Administrator\OneDrive\Documents\GitHub\DO_bot\app.py", line 13, in <module>
    import bot
ModuleNotFoundError: No module named 'bot'
C:\Users\Administrator\OneDrive\Documents\GitHub\DO_bot\bot.py:1578: UserWarning: Parsing dates in %d-%m-%Y format when dayfirst=False (the default) was specified. Pass `dayfirst=True` or specify a format to silence this warning.
  ts = pd.to_datetime(v, errors="coerce")
C:\Users\Administrator\OneDrive\Documents\GitHub\DO_bot\bot.py:1578: UserWarning: Parsing dates in %d-%m-%Y format when dayfirst=False (the default) was specified. Pass `dayfirst=True` or specify a format to silence this warning.
  ts = pd.to_datetime(v, errors="coerce")
C:\Users\Administrator\OneDrive\Documents\GitHub\DO_bot\bot.py:1578: UserWarning: Parsing dates in %d-%m-%Y format when dayfirst=False (the default) was specified. Pass `dayfirst=True` or specify a format to silence this warning.
  ts = pd.to_datetime(v, errors="coerce")
C:\Users\Administrator\OneDrive\Documents\GitHub\DO_bot\bot.py:1578: UserWarning: Parsing dates in %d-%m-%Y format when dayfirst=False (the default) was specified. Pass `dayfirst=True` or specify a format to silence this warning.
  ts = pd.to_datetime(v, errors="coerce")
